{
  "RSpec": {
    "coverage": {
      "/home/projetos/gestao_estoque/spec/models/cidade_spec.rb": [
        1,
        null,
        1,
        1,
        2,
        2,
        null,
        null
      ],
      "/home/projetos/gestao_estoque/spec/rails_helper.rb": [
        null,
        1,
        1,
        null,
        1,
        1,
        null,
        1,
        null,
        null,
        1,
        1,
        null,
        null,
        null,
        null,
        null,
        null,
        null,
        null,
        null,
        null,
        null,
        null,
        null,
        null,
        null,
        null,
        null,
        null,
        null,
        null,
        1,
        null,
        0,
        0,
        null,
        1,
        null,
        1,
        null,
        null,
        null,
        null,
        1,
        null,
        null,
        null,
        null,
        null,
        null,
        null,
        null,
        null,
        null,
        null,
        null,
        null,
        null,
        1,
        null,
        null,
        1,
        null,
        null,
        null,
        null,
        1,
        1,
        1,
        1,
        null,
        null
      ],
      "/home/projetos/gestao_estoque/config/environment.rb": [
        null,
        1,
        null,
        null,
        1
      ],
      "/home/projetos/gestao_estoque/config/application.rb": [
        1,
        null,
        1,
        null,
        null,
        null,
        1,
        null,
        1,
        1,
        null,
        1,
        null,
        null,
        null,
        null,
        null,
        null,
        null
      ],
      "/home/projetos/gestao_estoque/config/boot.rb": [
        1,
        null,
        1,
        1
      ],
      "/home/projetos/gestao_estoque/config/environments/test.rb": [
        1,
        null,
        null,
        null,
        null,
        null,
        null,
        1,
        null,
        null,
        null,
        null,
        1,
        null,
        null,
        1,
        1,
        null,
        null,
        null,
        null,
        1,
        1,
        null,
        null,
        1,
        null,
        null,
        1,
        null,
        null,
        1,
        null,
        1,
        null,
        null,
        null,
        null,
        1,
        null,
        null,
        1,
        null,
        null,
        null,
        null
      ],
      "/home/projetos/gestao_estoque/config/initializers/application_controller_renderer.rb": [
        null,
        null,
        null,
        null,
        null,
        null,
        null,
        null
      ],
      "/home/projetos/gestao_estoque/config/initializers/assets.rb": [
        null,
        null,
        null,
        1,
        null,
        null,
        null,
        null,
        1,
        null,
        null,
        null,
        null,
        null
      ],
      "/home/projetos/gestao_estoque/config/initializers/backtrace_silencers.rb": [
        null,
        null,
        null,
        null,
        null,
        null,
        null
      ],
      "/home/projetos/gestao_estoque/config/initializers/content_security_policy.rb": [
        null,
        null,
        null,
        null,
        null,
        null,
        null,
        null,
        null,
        null,
        null,
        null,
        null,
        null,
        null,
        null,
        null,
        null,
        null,
        null,
        null,
        null,
        null,
        null,
        null
      ],
      "/home/projetos/gestao_estoque/config/initializers/cookies_serializer.rb": [
        null,
        null,
        null,
        null,
        1
      ],
      "/home/projetos/gestao_estoque/config/initializers/filter_parameter_logging.rb": [
        null,
        null,
        null,
        1
      ],
      "/home/projetos/gestao_estoque/config/initializers/inflections.rb": [
        null,
        null,
        null,
        null,
        null,
        null,
        null,
        null,
        null,
        null,
        null,
        null,
        null,
        null,
        null,
        null
      ],
      "/home/projetos/gestao_estoque/config/initializers/mime_types.rb": [
        null,
        null,
        null,
        null
      ],
      "/home/projetos/gestao_estoque/config/initializers/wrap_parameters.rb": [
        null,
        null,
        null,
        null,
        null,
        null,
        1,
        2,
        null,
        null,
        null,
        null,
        null,
        null
      ],
      "/home/projetos/gestao_estoque/spec/factories/cidades.rb": [
        1,
        1,
        1,
        1,
        null,
        null
      ],
      "/home/projetos/gestao_estoque/spec/factories/enderecos.rb": [
        1,
        1,
        1,
        1,
        1,
        1,
        1,
        null,
        null
      ],
      "/home/projetos/gestao_estoque/spec/factories/estados.rb": [
        1,
        1,
        1,
        null,
        null
      ],
      "/home/projetos/gestao_estoque/spec/factories/grupo_produtos.rb": [
        1,
        1,
        1,
        null,
        null
      ],
      "/home/projetos/gestao_estoque/spec/factories/movimentacaos.rb": [
        1,
        1,
        1,
        1,
        1,
        1,
        1,
        null,
        null
      ],
      "/home/projetos/gestao_estoque/spec/factories/operacaos.rb": [
        1,
        1,
        1,
        1,
        null,
        null
      ],
      "/home/projetos/gestao_estoque/spec/factories/pessoas.rb": [
        1,
        1,
        1,
        1,
        null,
        null
      ],
      "/home/projetos/gestao_estoque/spec/factories/produtos.rb": [
        1,
        1,
        1,
        1,
        1,
        null,
        null
      ],
      "/home/projetos/gestao_estoque/spec/factories/unidades.rb": [
        1,
        1,
        1,
        1,
        null,
        null
      ],
      "/home/projetos/gestao_estoque/config/routes.rb": [
        1,
        1,
        1,
        1,
        1,
        1,
        1,
        1,
        1,
        1,
        null,
        null
      ],
      "/home/projetos/gestao_estoque/app/helpers/application_helper.rb": [
        1,
        null
      ],
      "/home/projetos/gestao_estoque/app/helpers/cidades_helper.rb": [
        1,
        null
      ],
      "/home/projetos/gestao_estoque/app/helpers/enderecos_helper.rb": [
        1,
        null
      ],
      "/home/projetos/gestao_estoque/app/helpers/estados_helper.rb": [
        1,
        null
      ],
      "/home/projetos/gestao_estoque/app/helpers/grupo_produtos_helper.rb": [
        1,
        null
      ],
      "/home/projetos/gestao_estoque/app/helpers/movimentacaos_helper.rb": [
        1,
        null
      ],
      "/home/projetos/gestao_estoque/app/helpers/operacaos_helper.rb": [
        1,
        null
      ],
      "/home/projetos/gestao_estoque/app/helpers/pessoas_helper.rb": [
        1,
        null
      ],
      "/home/projetos/gestao_estoque/app/helpers/produtos_helper.rb": [
        1,
        null
      ],
      "/home/projetos/gestao_estoque/app/helpers/unidades_helper.rb": [
        1,
        null
      ],
      "/home/projetos/gestao_estoque/app/models/cidade.rb": [
        1,
        1,
        1,
        null
      ],
      "/home/projetos/gestao_estoque/app/models/application_record.rb": [
        1,
        1,
        null
      ],
      "/home/projetos/gestao_estoque/spec/models/endereco_spec.rb": [
        1,
        null,
        1,
        1,
        2,
        null,
        2,
        2,
        2,
        2,
        null,
        null
      ],
      "/home/projetos/gestao_estoque/app/models/endereco.rb": [
        1,
        1,
        1,
        null
      ],
      "/home/projetos/gestao_estoque/spec/models/estado_spec.rb": [
        1,
        null,
        1,
        1,
        2,
        2,
        2,
        null,
        null
      ],
      "/home/projetos/gestao_estoque/app/models/estado.rb": [
        1,
        1,
        1,
        1,
        null
      ],
      "/home/projetos/gestao_estoque/spec/models/grupo_produto_spec.rb": [
        1,
        null,
        1,
        1,
        2,
        2,
        null,
        null
      ],
      "/home/projetos/gestao_estoque/app/models/grupo_produto.rb": [
        1,
        1,
        1,
        null
      ],
      "/home/projetos/gestao_estoque/spec/models/movimentacao_spec.rb": [
        1,
        null,
        1,
        1,
        2,
        2,
        2,
        null,
        2,
        2,
        2,
        2,
        2,
        2,
        null,
        null
      ],
      "/home/projetos/gestao_estoque/app/models/movimentacao.rb": [
        1,
        1,
        1,
        1,
        null,
        1,
        1,
        1,
        null
      ],
      "/home/projetos/gestao_estoque/spec/models/operacao_spec.rb": [
        1,
        null,
        1,
        1,
        2,
        2,
        1,
        1,
        null,
        null,
        2,
        null,
        null
      ],
      "/home/projetos/gestao_estoque/app/models/operacao.rb": [
        1,
        1,
        null,
        1,
        null
      ],
      "/home/projetos/gestao_estoque/spec/models/pessoa_spec.rb": [
        1,
        null,
        1,
        1,
        2,
        2,
        2,
        2,
        2,
        null,
        null
      ],
      "/home/projetos/gestao_estoque/app/models/pessoa.rb": [
        1,
        1,
        null,
        1,
        null
      ],
      "/home/projetos/gestao_estoque/spec/models/produto_spec.rb": [
        1,
        null,
        1,
        1,
        2,
        2,
        null,
        null
      ],
      "/home/projetos/gestao_estoque/app/models/produto.rb": [
        1,
        1,
        1,
        null,
        1,
        1,
        null
      ],
      "/home/projetos/gestao_estoque/spec/models/unidade_spec.rb": [
        1,
        null,
        1,
        1,
        2,
        2,
        2,
        null,
        null
      ],
      "/home/projetos/gestao_estoque/app/models/unidade.rb": [
        1,
        1,
        1,
        null
      ]
    },
    "timestamp": 1574732517
  }
}
